<?xml version="1.0" encoding="UTF-8"?>
<testng-results skipped="0" failed="0" ignored="0" total="1" passed="1">
  <reporter-output>
  </reporter-output>
  <suite name="Default suite" duration-ms="12935" started-at="2018-06-22T04:13:53Z" finished-at="2018-06-22T04:14:06Z">
    <groups>
    </groups>
    <test name="Default test" duration-ms="12935" started-at="2018-06-22T04:13:53Z" finished-at="2018-06-22T04:14:06Z">
      <class name="com.prestashop.tests.PositiveScenarios">
        <test-method status="PASS" signature="setUp()[pri:0, instance:com.prestashop.tests.PositiveScenarios@70ab1ce0]" name="setUp" is-config="true" duration-ms="2047" started-at="2018-06-22T04:13:53Z" finished-at="2018-06-22T04:13:55Z">
          <reporter-output>
          </reporter-output>
        </test-method> <!-- setUp -->
        <test-method status="PASS" signature="loginTest()[pri:0, instance:com.prestashop.tests.PositiveScenarios@70ab1ce0]" name="loginTest" duration-ms="10861" started-at="2018-06-22T04:13:55Z" finished-at="2018-06-22T04:14:06Z">
          <reporter-output>
          </reporter-output>
        </test-method> <!-- loginTest -->
      </class> <!-- com.prestashop.tests.PositiveScenarios -->
    </test> <!-- Default test -->
  </suite> <!-- Default suite -->
</testng-results>
